[19:37:22] [warning] SOCCER_RECORDER_CLIENT: ExampleLayer::ExampleLayer constructor
[19:37:22] [warning] SOCCER_RECORDER_CLIENT: ExampleLayer::OnAttach
[19:37:22] [info] SOCCER_RECORDER_CORE: Soc_VideoProcessor: Initializing. FileLeft: D:\opencv\assets\Recordings\Left_0009.mp4, FileRight: D:\OPENCV\Assets\Recordings\Right_0009.mp4, FinalFile: D:\opencv\assets\saves\2023-10-25_19-37-22final.h264, SaveVideo: true, ShowVideo: false, FPS: 25, Width: 4000, Height: 1500
[19:37:22] [critical] SOCCER_RECORDER_CORE: Opening video reader
[19:37:25] [critical] SOCCER_RECORDER_CORE: Opening video reader
[19:37:25] [info] SOCCER_RECORDER_CORE: Soc_VideoReader: Initialized {} 
[19:37:25] [info] SOCCER_RECORDER_CORE: Original width: 4000, original height: 3000
[19:37:25] [info] SOCCER_RECORDER_CORE: Initializing video writer
[19:37:25] [info] SOCCER_RECORDER_CORE: Writing to D:\opencv\assets\saves\2023-10-25_19-37-22final.h264 is finshed setting up
[19:37:25] [info] SOCCER_RECORDER_CORE: Soc_VideoWriter: Initialized
[19:37:25] [info] SOCCER_RECORDER_CORE: Soc_VideoProcessor: Creating shift map
[19:37:25] [info] SOCCER_RECORDER_CORE: Soc_VideoProcessor: Initialized
[19:37:25] [info] SOCCER_RECORDER_CORE: Soc_VideoProcessor: Processig.... FileLeft: D:\opencv\assets\Recordings\Left_0009.mp4, FileRight: D:\OPENCV\Assets\Recordings\Right_0009.mp4, FinalFile: D:\opencv\assets\saves\2023-10-25_19-37-22final.h264, SaveVideo: true, ShowVideo: false, FPS: 25, Width: 4000, Height: 1500
[19:37:25] [info] SOCCER_RECORDER_CORE: Soc_VideoProcessor: Finished processing, frame time was: 0.0372331
[19:37:25] [info] SOCCER_RECORDER_CORE: Soc_VideoProcessor: Processig.... FileLeft: D:\opencv\assets\Recordings\Left_0009.mp4, FileRight: D:\OPENCV\Assets\Recordings\Right_0009.mp4, FinalFile: D:\opencv\assets\saves\2023-10-25_19-37-22final.h264, SaveVideo: true, ShowVideo: false, FPS: 25, Width: 4000, Height: 1500
[19:37:25] [info] SOCCER_RECORDER_CORE: Soc_VideoProcessor: Finished processing, frame time was: 0.0312803
[19:37:25] [info] SOCCER_RECORDER_CORE: Soc_VideoProcessor: Processig.... FileLeft: D:\opencv\assets\Recordings\Left_0009.mp4, FileRight: D:\OPENCV\Assets\Recordings\Right_0009.mp4, FinalFile: D:\opencv\assets\saves\2023-10-25_19-37-22final.h264, SaveVideo: true, ShowVideo: false, FPS: 25, Width: 4000, Height: 1500
[19:37:25] [info] SOCCER_RECORDER_CORE: Soc_VideoProcessor: Finished processing, frame time was: 0.0298777
[19:37:25] [info] SOCCER_RECORDER_CORE: Soc_VideoProcessor: Processig.... FileLeft: D:\opencv\assets\Recordings\Left_0009.mp4, FileRight: D:\OPENCV\Assets\Recordings\Right_0009.mp4, FinalFile: D:\opencv\assets\saves\2023-10-25_19-37-22final.h264, SaveVideo: true, ShowVideo: false, FPS: 25, Width: 4000, Height: 1500
[19:37:25] [info] SOCCER_RECORDER_CORE: Soc_VideoProcessor: Finished processing, frame time was: 0.0287251
[19:37:25] [info] SOCCER_RECORDER_CORE: Soc_VideoProcessor: Processig.... FileLeft: D:\opencv\assets\Recordings\Left_0009.mp4, FileRight: D:\OPENCV\Assets\Recordings\Right_0009.mp4, FinalFile: D:\opencv\assets\saves\2023-10-25_19-37-22final.h264, SaveVideo: true, ShowVideo: false, FPS: 25, Width: 4000, Height: 1500
[19:37:25] [info] SOCCER_RECORDER_CORE: Soc_VideoProcessor: Finished processing, frame time was: 0.0316856
[19:37:25] [info] SOCCER_RECORDER_CORE: Soc_VideoProcessor: Processig.... FileLeft: D:\opencv\assets\Recordings\Left_0009.mp4, FileRight: D:\OPENCV\Assets\Recordings\Right_0009.mp4, FinalFile: D:\opencv\assets\saves\2023-10-25_19-37-22final.h264, SaveVideo: true, ShowVideo: false, FPS: 25, Width: 4000, Height: 1500
[19:37:25] [info] SOCCER_RECORDER_CORE: Soc_VideoProcessor: Finished processing, frame time was: 0.0270901
[19:37:25] [info] SOCCER_RECORDER_CORE: Soc_VideoProcessor: Processig.... FileLeft: D:\opencv\assets\Recordings\Left_0009.mp4, FileRight: D:\OPENCV\Assets\Recordings\Right_0009.mp4, FinalFile: D:\opencv\assets\saves\2023-10-25_19-37-22final.h264, SaveVideo: true, ShowVideo: false, FPS: 25, Width: 4000, Height: 1500
[19:37:25] [info] SOCCER_RECORDER_CORE: Soc_VideoProcessor: Finished processing, frame time was: 0.02743
[19:37:25] [info] SOCCER_RECORDER_CORE: Soc_VideoProcessor: Processig.... FileLeft: D:\opencv\assets\Recordings\Left_0009.mp4, FileRight: D:\OPENCV\Assets\Recordings\Right_0009.mp4, FinalFile: D:\opencv\assets\saves\2023-10-25_19-37-22final.h264, SaveVideo: true, ShowVideo: false, FPS: 25, Width: 4000, Height: 1500
[19:37:26] [info] SOCCER_RECORDER_CORE: Soc_VideoProcessor: Finished processing, frame time was: 0.0272656
[19:37:26] [info] SOCCER_RECORDER_CORE: Soc_VideoProcessor: Processig.... FileLeft: D:\opencv\assets\Recordings\Left_0009.mp4, FileRight: D:\OPENCV\Assets\Recordings\Right_0009.mp4, FinalFile: D:\opencv\assets\saves\2023-10-25_19-37-22final.h264, SaveVideo: true, ShowVideo: false, FPS: 25, Width: 4000, Height: 1500
[19:37:26] [info] SOCCER_RECORDER_CORE: Soc_VideoProcessor: Finished processing, frame time was: 0.0268963
[19:37:26] [info] SOCCER_RECORDER_CORE: Soc_VideoProcessor: Processig.... FileLeft: D:\opencv\assets\Recordings\Left_0009.mp4, FileRight: D:\OPENCV\Assets\Recordings\Right_0009.mp4, FinalFile: D:\opencv\assets\saves\2023-10-25_19-37-22final.h264, SaveVideo: true, ShowVideo: false, FPS: 25, Width: 4000, Height: 1500
[19:37:26] [info] SOCCER_RECORDER_CORE: Soc_VideoProcessor: Finished processing, frame time was: 0.0251032
[19:37:26] [info] SOCCER_RECORDER_CORE: Soc_VideoProcessor: Processig.... FileLeft: D:\opencv\assets\Recordings\Left_0009.mp4, FileRight: D:\OPENCV\Assets\Recordings\Right_0009.mp4, FinalFile: D:\opencv\assets\saves\2023-10-25_19-37-22final.h264, SaveVideo: true, ShowVideo: false, FPS: 25, Width: 4000, Height: 1500
[19:37:26] [info] SOCCER_RECORDER_CORE: Soc_VideoProcessor: Finished processing, frame time was: 0.0248069
[19:37:26] [info] SOCCER_RECORDER_CORE: Soc_VideoProcessor: Processig.... FileLeft: D:\opencv\assets\Recordings\Left_0009.mp4, FileRight: D:\OPENCV\Assets\Recordings\Right_0009.mp4, FinalFile: D:\opencv\assets\saves\2023-10-25_19-37-22final.h264, SaveVideo: true, ShowVideo: false, FPS: 25, Width: 4000, Height: 1500
[19:37:26] [info] SOCCER_RECORDER_CORE: Soc_VideoProcessor: Finished processing, frame time was: 0.0251955
[19:37:26] [info] SOCCER_RECORDER_CORE: Soc_VideoProcessor: Processig.... FileLeft: D:\opencv\assets\Recordings\Left_0009.mp4, FileRight: D:\OPENCV\Assets\Recordings\Right_0009.mp4, FinalFile: D:\opencv\assets\saves\2023-10-25_19-37-22final.h264, SaveVideo: true, ShowVideo: false, FPS: 25, Width: 4000, Height: 1500
[19:37:26] [info] SOCCER_RECORDER_CORE: Soc_VideoProcessor: Finished processing, frame time was: 0.0250963
[19:37:26] [info] SOCCER_RECORDER_CORE: Soc_VideoProcessor: Processig.... FileLeft: D:\opencv\assets\Recordings\Left_0009.mp4, FileRight: D:\OPENCV\Assets\Recordings\Right_0009.mp4, FinalFile: D:\opencv\assets\saves\2023-10-25_19-37-22final.h264, SaveVideo: true, ShowVideo: false, FPS: 25, Width: 4000, Height: 1500
[19:37:26] [info] SOCCER_RECORDER_CORE: Soc_VideoProcessor: Finished processing, frame time was: 0.0255242
[19:37:26] [info] SOCCER_RECORDER_CORE: Soc_VideoProcessor: Processig.... FileLeft: D:\opencv\assets\Recordings\Left_0009.mp4, FileRight: D:\OPENCV\Assets\Recordings\Right_0009.mp4, FinalFile: D:\opencv\assets\saves\2023-10-25_19-37-22final.h264, SaveVideo: true, ShowVideo: false, FPS: 25, Width: 4000, Height: 1500
[19:37:26] [info] SOCCER_RECORDER_CORE: Soc_VideoProcessor: Finished processing, frame time was: 0.0251585
[19:37:26] [info] SOCCER_RECORDER_CORE: Soc_VideoProcessor: Processig.... FileLeft: D:\opencv\assets\Recordings\Left_0009.mp4, FileRight: D:\OPENCV\Assets\Recordings\Right_0009.mp4, FinalFile: D:\opencv\assets\saves\2023-10-25_19-37-22final.h264, SaveVideo: true, ShowVideo: false, FPS: 25, Width: 4000, Height: 1500
[19:37:26] [info] SOCCER_RECORDER_CORE: Soc_VideoProcessor: Finished processing, frame time was: 0.0249677
[19:37:26] [info] SOCCER_RECORDER_CORE: Soc_VideoProcessor: Processig.... FileLeft: D:\opencv\assets\Recordings\Left_0009.mp4, FileRight: D:\OPENCV\Assets\Recordings\Right_0009.mp4, FinalFile: D:\opencv\assets\saves\2023-10-25_19-37-22final.h264, SaveVideo: true, ShowVideo: false, FPS: 25, Width: 4000, Height: 1500
[19:37:26] [info] SOCCER_RECORDER_CORE: Soc_VideoProcessor: Finished processing, frame time was: 0.0256314
[19:37:26] [info] SOCCER_RECORDER_CORE: Soc_VideoProcessor: Processig.... FileLeft: D:\opencv\assets\Recordings\Left_0009.mp4, FileRight: D:\OPENCV\Assets\Recordings\Right_0009.mp4, FinalFile: D:\opencv\assets\saves\2023-10-25_19-37-22final.h264, SaveVideo: true, ShowVideo: false, FPS: 25, Width: 4000, Height: 1500
[19:37:26] [info] SOCCER_RECORDER_CORE: Soc_VideoProcessor: Finished processing, frame time was: 0.0260534
[19:37:26] [info] SOCCER_RECORDER_CORE: Soc_VideoProcessor: Processig.... FileLeft: D:\opencv\assets\Recordings\Left_0009.mp4, FileRight: D:\OPENCV\Assets\Recordings\Right_0009.mp4, FinalFile: D:\opencv\assets\saves\2023-10-25_19-37-22final.h264, SaveVideo: true, ShowVideo: false, FPS: 25, Width: 4000, Height: 1500
[19:37:26] [info] SOCCER_RECORDER_CORE: Soc_VideoProcessor: Finished processing, frame time was: 0.0255652
[19:37:26] [info] SOCCER_RECORDER_CORE: Soc_VideoProcessor: Processig.... FileLeft: D:\opencv\assets\Recordings\Left_0009.mp4, FileRight: D:\OPENCV\Assets\Recordings\Right_0009.mp4, FinalFile: D:\opencv\assets\saves\2023-10-25_19-37-22final.h264, SaveVideo: true, ShowVideo: false, FPS: 25, Width: 4000, Height: 1500
[19:37:26] [info] SOCCER_RECORDER_CORE: Soc_VideoProcessor: Finished processing, frame time was: 0.0247779
[19:37:26] [info] SOCCER_RECORDER_CORE: Soc_VideoProcessor: Processig.... FileLeft: D:\opencv\assets\Recordings\Left_0009.mp4, FileRight: D:\OPENCV\Assets\Recordings\Right_0009.mp4, FinalFile: D:\opencv\assets\saves\2023-10-25_19-37-22final.h264, SaveVideo: true, ShowVideo: false, FPS: 25, Width: 4000, Height: 1500
[19:37:26] [info] SOCCER_RECORDER_CORE: Soc_VideoProcessor: Finished processing, frame time was: 0.0259062
[19:37:26] [info] SOCCER_RECORDER_CORE: Soc_VideoProcessor: Processig.... FileLeft: D:\opencv\assets\Recordings\Left_0009.mp4, FileRight: D:\OPENCV\Assets\Recordings\Right_0009.mp4, FinalFile: D:\opencv\assets\saves\2023-10-25_19-37-22final.h264, SaveVideo: true, ShowVideo: false, FPS: 25, Width: 4000, Height: 1500
[19:37:26] [info] SOCCER_RECORDER_CORE: Soc_VideoProcessor: Finished processing, frame time was: 0.0261335
[19:37:26] [info] SOCCER_RECORDER_CORE: Soc_VideoProcessor: Processig.... FileLeft: D:\opencv\assets\Recordings\Left_0009.mp4, FileRight: D:\OPENCV\Assets\Recordings\Right_0009.mp4, FinalFile: D:\opencv\assets\saves\2023-10-25_19-37-22final.h264, SaveVideo: true, ShowVideo: false, FPS: 25, Width: 4000, Height: 1500
[19:37:26] [info] SOCCER_RECORDER_CORE: Soc_VideoProcessor: Finished processing, frame time was: 0.0248087
[19:37:26] [info] SOCCER_RECORDER_CORE: Soc_VideoProcessor: Processig.... FileLeft: D:\opencv\assets\Recordings\Left_0009.mp4, FileRight: D:\OPENCV\Assets\Recordings\Right_0009.mp4, FinalFile: D:\opencv\assets\saves\2023-10-25_19-37-22final.h264, SaveVideo: true, ShowVideo: false, FPS: 25, Width: 4000, Height: 1500
[19:37:26] [info] SOCCER_RECORDER_CORE: Soc_VideoProcessor: Finished processing, frame time was: 0.0244446
[19:37:26] [info] SOCCER_RECORDER_CORE: Soc_VideoProcessor: Processig.... FileLeft: D:\opencv\assets\Recordings\Left_0009.mp4, FileRight: D:\OPENCV\Assets\Recordings\Right_0009.mp4, FinalFile: D:\opencv\assets\saves\2023-10-25_19-37-22final.h264, SaveVideo: true, ShowVideo: false, FPS: 25, Width: 4000, Height: 1500
[19:37:26] [info] SOCCER_RECORDER_CORE: Soc_VideoProcessor: Finished processing, frame time was: 0.0245662
[19:37:26] [info] SOCCER_RECORDER_CORE: Soc_VideoProcessor: Processig.... FileLeft: D:\opencv\assets\Recordings\Left_0009.mp4, FileRight: D:\OPENCV\Assets\Recordings\Right_0009.mp4, FinalFile: D:\opencv\assets\saves\2023-10-25_19-37-22final.h264, SaveVideo: true, ShowVideo: false, FPS: 25, Width: 4000, Height: 1500
[19:37:26] [info] SOCCER_RECORDER_CORE: Soc_VideoProcessor: Finished processing, frame time was: 0.0266503
[19:37:26] [info] SOCCER_RECORDER_CORE: Soc_VideoProcessor: Processig.... FileLeft: D:\opencv\assets\Recordings\Left_0009.mp4, FileRight: D:\OPENCV\Assets\Recordings\Right_0009.mp4, FinalFile: D:\opencv\assets\saves\2023-10-25_19-37-22final.h264, SaveVideo: true, ShowVideo: false, FPS: 25, Width: 4000, Height: 1500
[19:37:26] [info] SOCCER_RECORDER_CORE: Soc_VideoProcessor: Finished processing, frame time was: 0.0259426
[19:37:26] [info] SOCCER_RECORDER_CORE: Soc_VideoProcessor: Processig.... FileLeft: D:\opencv\assets\Recordings\Left_0009.mp4, FileRight: D:\OPENCV\Assets\Recordings\Right_0009.mp4, FinalFile: D:\opencv\assets\saves\2023-10-25_19-37-22final.h264, SaveVideo: true, ShowVideo: false, FPS: 25, Width: 4000, Height: 1500
[19:37:26] [info] SOCCER_RECORDER_CORE: Soc_VideoProcessor: Finished processing, frame time was: 0.0241383
[19:37:26] [info] SOCCER_RECORDER_CORE: Soc_VideoProcessor: Processig.... FileLeft: D:\opencv\assets\Recordings\Left_0009.mp4, FileRight: D:\OPENCV\Assets\Recordings\Right_0009.mp4, FinalFile: D:\opencv\assets\saves\2023-10-25_19-37-22final.h264, SaveVideo: true, ShowVideo: false, FPS: 25, Width: 4000, Height: 1500
[19:37:27] [info] SOCCER_RECORDER_CORE: Soc_VideoProcessor: Finished processing, frame time was: 0.0243385
[19:37:27] [info] SOCCER_RECORDER_CORE: Soc_VideoProcessor: Processig.... FileLeft: D:\opencv\assets\Recordings\Left_0009.mp4, FileRight: D:\OPENCV\Assets\Recordings\Right_0009.mp4, FinalFile: D:\opencv\assets\saves\2023-10-25_19-37-22final.h264, SaveVideo: true, ShowVideo: false, FPS: 25, Width: 4000, Height: 1500
[19:37:27] [info] SOCCER_RECORDER_CORE: Soc_VideoProcessor: Finished processing, frame time was: 0.0254595
[19:37:27] [info] SOCCER_RECORDER_CORE: Soc_VideoProcessor: Processig.... FileLeft: D:\opencv\assets\Recordings\Left_0009.mp4, FileRight: D:\OPENCV\Assets\Recordings\Right_0009.mp4, FinalFile: D:\opencv\assets\saves\2023-10-25_19-37-22final.h264, SaveVideo: true, ShowVideo: false, FPS: 25, Width: 4000, Height: 1500
[19:37:27] [info] SOCCER_RECORDER_CORE: Soc_VideoProcessor: Finished processing, frame time was: 0.0259735
[19:37:27] [info] SOCCER_RECORDER_CORE: Soc_VideoProcessor: Processig.... FileLeft: D:\opencv\assets\Recordings\Left_0009.mp4, FileRight: D:\OPENCV\Assets\Recordings\Right_0009.mp4, FinalFile: D:\opencv\assets\saves\2023-10-25_19-37-22final.h264, SaveVideo: true, ShowVideo: false, FPS: 25, Width: 4000, Height: 1500
[19:37:27] [info] SOCCER_RECORDER_CORE: Soc_VideoProcessor: Finished processing, frame time was: 0.0235777
[19:37:27] [info] SOCCER_RECORDER_CORE: Soc_VideoProcessor: Processig.... FileLeft: D:\opencv\assets\Recordings\Left_0009.mp4, FileRight: D:\OPENCV\Assets\Recordings\Right_0009.mp4, FinalFile: D:\opencv\assets\saves\2023-10-25_19-37-22final.h264, SaveVideo: true, ShowVideo: false, FPS: 25, Width: 4000, Height: 1500
[19:37:27] [info] SOCCER_RECORDER_CORE: Soc_VideoProcessor: Finished processing, frame time was: 0.0239305
[19:37:27] [info] SOCCER_RECORDER_CORE: Soc_VideoProcessor: Processig.... FileLeft: D:\opencv\assets\Recordings\Left_0009.mp4, FileRight: D:\OPENCV\Assets\Recordings\Right_0009.mp4, FinalFile: D:\opencv\assets\saves\2023-10-25_19-37-22final.h264, SaveVideo: true, ShowVideo: false, FPS: 25, Width: 4000, Height: 1500
[19:37:27] [info] SOCCER_RECORDER_CORE: Soc_VideoProcessor: Finished processing, frame time was: 0.0249954
[19:37:27] [info] SOCCER_RECORDER_CORE: Soc_VideoProcessor: Processig.... FileLeft: D:\opencv\assets\Recordings\Left_0009.mp4, FileRight: D:\OPENCV\Assets\Recordings\Right_0009.mp4, FinalFile: D:\opencv\assets\saves\2023-10-25_19-37-22final.h264, SaveVideo: true, ShowVideo: false, FPS: 25, Width: 4000, Height: 1500
[19:37:27] [info] SOCCER_RECORDER_CORE: Soc_VideoProcessor: Finished processing, frame time was: 0.0312584
[19:37:27] [info] SOCCER_RECORDER_CORE: Soc_VideoProcessor: Processig.... FileLeft: D:\opencv\assets\Recordings\Left_0009.mp4, FileRight: D:\OPENCV\Assets\Recordings\Right_0009.mp4, FinalFile: D:\opencv\assets\saves\2023-10-25_19-37-22final.h264, SaveVideo: true, ShowVideo: false, FPS: 25, Width: 4000, Height: 1500
[19:37:27] [info] SOCCER_RECORDER_CORE: Soc_VideoProcessor: Finished processing, frame time was: 0.025427
[19:37:27] [info] SOCCER_RECORDER_CORE: Soc_VideoProcessor: Processig.... FileLeft: D:\opencv\assets\Recordings\Left_0009.mp4, FileRight: D:\OPENCV\Assets\Recordings\Right_0009.mp4, FinalFile: D:\opencv\assets\saves\2023-10-25_19-37-22final.h264, SaveVideo: true, ShowVideo: false, FPS: 25, Width: 4000, Height: 1500
[19:37:27] [info] SOCCER_RECORDER_CORE: Soc_VideoProcessor: Finished processing, frame time was: 0.0242226
[19:37:27] [info] SOCCER_RECORDER_CORE: Soc_VideoProcessor: Processig.... FileLeft: D:\opencv\assets\Recordings\Left_0009.mp4, FileRight: D:\OPENCV\Assets\Recordings\Right_0009.mp4, FinalFile: D:\opencv\assets\saves\2023-10-25_19-37-22final.h264, SaveVideo: true, ShowVideo: false, FPS: 25, Width: 4000, Height: 1500
[19:37:27] [info] SOCCER_RECORDER_CORE: Soc_VideoProcessor: Finished processing, frame time was: 0.0385543
[19:37:27] [info] SOCCER_RECORDER_CORE: Soc_VideoProcessor: Processig.... FileLeft: D:\opencv\assets\Recordings\Left_0009.mp4, FileRight: D:\OPENCV\Assets\Recordings\Right_0009.mp4, FinalFile: D:\opencv\assets\saves\2023-10-25_19-37-22final.h264, SaveVideo: true, ShowVideo: false, FPS: 25, Width: 4000, Height: 1500
[19:37:27] [info] SOCCER_RECORDER_CORE: Soc_VideoProcessor: Finished processing, frame time was: 0.0263041
[19:37:27] [info] SOCCER_RECORDER_CORE: Soc_VideoProcessor: Processig.... FileLeft: D:\opencv\assets\Recordings\Left_0009.mp4, FileRight: D:\OPENCV\Assets\Recordings\Right_0009.mp4, FinalFile: D:\opencv\assets\saves\2023-10-25_19-37-22final.h264, SaveVideo: true, ShowVideo: false, FPS: 25, Width: 4000, Height: 1500
[19:37:27] [info] SOCCER_RECORDER_CORE: Soc_VideoProcessor: Finished processing, frame time was: 0.0259122
[19:37:27] [info] SOCCER_RECORDER_CORE: Soc_VideoProcessor: Processig.... FileLeft: D:\opencv\assets\Recordings\Left_0009.mp4, FileRight: D:\OPENCV\Assets\Recordings\Right_0009.mp4, FinalFile: D:\opencv\assets\saves\2023-10-25_19-37-22final.h264, SaveVideo: true, ShowVideo: false, FPS: 25, Width: 4000, Height: 1500
[19:37:27] [info] SOCCER_RECORDER_CORE: Soc_VideoProcessor: Finished processing, frame time was: 0.024106
[19:37:27] [info] SOCCER_RECORDER_CORE: Soc_VideoProcessor: Processig.... FileLeft: D:\opencv\assets\Recordings\Left_0009.mp4, FileRight: D:\OPENCV\Assets\Recordings\Right_0009.mp4, FinalFile: D:\opencv\assets\saves\2023-10-25_19-37-22final.h264, SaveVideo: true, ShowVideo: false, FPS: 25, Width: 4000, Height: 1500
[19:37:27] [info] SOCCER_RECORDER_CORE: Soc_VideoProcessor: Finished processing, frame time was: 0.0245875
[19:37:27] [info] SOCCER_RECORDER_CORE: Soc_VideoProcessor: Processig.... FileLeft: D:\opencv\assets\Recordings\Left_0009.mp4, FileRight: D:\OPENCV\Assets\Recordings\Right_0009.mp4, FinalFile: D:\opencv\assets\saves\2023-10-25_19-37-22final.h264, SaveVideo: true, ShowVideo: false, FPS: 25, Width: 4000, Height: 1500
[19:37:27] [info] SOCCER_RECORDER_CORE: Soc_VideoProcessor: Finished processing, frame time was: 0.0238625
[19:37:27] [info] SOCCER_RECORDER_CORE: Soc_VideoProcessor: Processig.... FileLeft: D:\opencv\assets\Recordings\Left_0009.mp4, FileRight: D:\OPENCV\Assets\Recordings\Right_0009.mp4, FinalFile: D:\opencv\assets\saves\2023-10-25_19-37-22final.h264, SaveVideo: true, ShowVideo: false, FPS: 25, Width: 4000, Height: 1500
[19:37:27] [info] SOCCER_RECORDER_CORE: Soc_VideoProcessor: Finished processing, frame time was: 0.0249006
[19:37:27] [info] SOCCER_RECORDER_CORE: Soc_VideoProcessor: Processig.... FileLeft: D:\opencv\assets\Recordings\Left_0009.mp4, FileRight: D:\OPENCV\Assets\Recordings\Right_0009.mp4, FinalFile: D:\opencv\assets\saves\2023-10-25_19-37-22final.h264, SaveVideo: true, ShowVideo: false, FPS: 25, Width: 4000, Height: 1500
[19:37:27] [info] SOCCER_RECORDER_CORE: Soc_VideoProcessor: Finished processing, frame time was: 0.0241071
[19:37:27] [info] SOCCER_RECORDER_CORE: Soc_VideoProcessor: Processig.... FileLeft: D:\opencv\assets\Recordings\Left_0009.mp4, FileRight: D:\OPENCV\Assets\Recordings\Right_0009.mp4, FinalFile: D:\opencv\assets\saves\2023-10-25_19-37-22final.h264, SaveVideo: true, ShowVideo: false, FPS: 25, Width: 4000, Height: 1500
[19:37:27] [info] SOCCER_RECORDER_CORE: Soc_VideoProcessor: Finished processing, frame time was: 0.0249145
[19:37:27] [info] SOCCER_RECORDER_CORE: Soc_VideoProcessor: Processig.... FileLeft: D:\opencv\assets\Recordings\Left_0009.mp4, FileRight: D:\OPENCV\Assets\Recordings\Right_0009.mp4, FinalFile: D:\opencv\assets\saves\2023-10-25_19-37-22final.h264, SaveVideo: true, ShowVideo: false, FPS: 25, Width: 4000, Height: 1500
[19:37:27] [info] SOCCER_RECORDER_CORE: Soc_VideoProcessor: Finished processing, frame time was: 0.0237221
[19:37:27] [info] SOCCER_RECORDER_CORE: Soc_VideoProcessor: Processig.... FileLeft: D:\opencv\assets\Recordings\Left_0009.mp4, FileRight: D:\OPENCV\Assets\Recordings\Right_0009.mp4, FinalFile: D:\opencv\assets\saves\2023-10-25_19-37-22final.h264, SaveVideo: true, ShowVideo: false, FPS: 25, Width: 4000, Height: 1500
[19:37:27] [info] SOCCER_RECORDER_CORE: Soc_VideoProcessor: Finished processing, frame time was: 0.0236861
[19:37:27] [info] SOCCER_RECORDER_CORE: Soc_VideoProcessor: Processig.... FileLeft: D:\opencv\assets\Recordings\Left_0009.mp4, FileRight: D:\OPENCV\Assets\Recordings\Right_0009.mp4, FinalFile: D:\opencv\assets\saves\2023-10-25_19-37-22final.h264, SaveVideo: true, ShowVideo: false, FPS: 25, Width: 4000, Height: 1500
[19:37:27] [info] SOCCER_RECORDER_CORE: Soc_VideoProcessor: Finished processing, frame time was: 0.0281666
[19:37:27] [info] SOCCER_RECORDER_CORE: Soc_VideoProcessor: Processig.... FileLeft: D:\opencv\assets\Recordings\Left_0009.mp4, FileRight: D:\OPENCV\Assets\Recordings\Right_0009.mp4, FinalFile: D:\opencv\assets\saves\2023-10-25_19-37-22final.h264, SaveVideo: true, ShowVideo: false, FPS: 25, Width: 4000, Height: 1500
[19:37:28] [info] SOCCER_RECORDER_CORE: Soc_VideoProcessor: Finished processing, frame time was: 0.0264197
[19:37:28] [info] SOCCER_RECORDER_CORE: Soc_VideoProcessor: Processig.... FileLeft: D:\opencv\assets\Recordings\Left_0009.mp4, FileRight: D:\OPENCV\Assets\Recordings\Right_0009.mp4, FinalFile: D:\opencv\assets\saves\2023-10-25_19-37-22final.h264, SaveVideo: true, ShowVideo: false, FPS: 25, Width: 4000, Height: 1500
[19:37:28] [info] SOCCER_RECORDER_CORE: Soc_VideoProcessor: Finished processing, frame time was: 0.024883
[19:37:28] [info] SOCCER_RECORDER_CORE: Soc_VideoProcessor: Processig.... FileLeft: D:\opencv\assets\Recordings\Left_0009.mp4, FileRight: D:\OPENCV\Assets\Recordings\Right_0009.mp4, FinalFile: D:\opencv\assets\saves\2023-10-25_19-37-22final.h264, SaveVideo: true, ShowVideo: false, FPS: 25, Width: 4000, Height: 1500
[19:37:28] [info] SOCCER_RECORDER_CORE: Soc_VideoProcessor: Finished processing, frame time was: 0.0253406
[19:37:28] [info] SOCCER_RECORDER_CORE: Soc_VideoProcessor: Processig.... FileLeft: D:\opencv\assets\Recordings\Left_0009.mp4, FileRight: D:\OPENCV\Assets\Recordings\Right_0009.mp4, FinalFile: D:\opencv\assets\saves\2023-10-25_19-37-22final.h264, SaveVideo: true, ShowVideo: false, FPS: 25, Width: 4000, Height: 1500
[19:37:28] [info] SOCCER_RECORDER_CORE: Soc_VideoProcessor: Finished processing, frame time was: 0.0249201
[19:37:28] [info] SOCCER_RECORDER_CORE: Soc_VideoProcessor: Processig.... FileLeft: D:\opencv\assets\Recordings\Left_0009.mp4, FileRight: D:\OPENCV\Assets\Recordings\Right_0009.mp4, FinalFile: D:\opencv\assets\saves\2023-10-25_19-37-22final.h264, SaveVideo: true, ShowVideo: false, FPS: 25, Width: 4000, Height: 1500
[19:37:28] [info] SOCCER_RECORDER_CORE: Soc_VideoProcessor: Finished processing, frame time was: 0.0242068
[19:37:28] [info] SOCCER_RECORDER_CORE: Soc_VideoProcessor: Processig.... FileLeft: D:\opencv\assets\Recordings\Left_0009.mp4, FileRight: D:\OPENCV\Assets\Recordings\Right_0009.mp4, FinalFile: D:\opencv\assets\saves\2023-10-25_19-37-22final.h264, SaveVideo: true, ShowVideo: false, FPS: 25, Width: 4000, Height: 1500
[19:37:28] [info] SOCCER_RECORDER_CORE: Soc_VideoProcessor: Finished processing, frame time was: 0.0238862
[19:37:28] [info] SOCCER_RECORDER_CORE: Soc_VideoProcessor: Processig.... FileLeft: D:\opencv\assets\Recordings\Left_0009.mp4, FileRight: D:\OPENCV\Assets\Recordings\Right_0009.mp4, FinalFile: D:\opencv\assets\saves\2023-10-25_19-37-22final.h264, SaveVideo: true, ShowVideo: false, FPS: 25, Width: 4000, Height: 1500
[19:37:28] [info] SOCCER_RECORDER_CORE: Soc_VideoProcessor: Finished processing, frame time was: 0.0244934
[19:37:28] [info] SOCCER_RECORDER_CORE: Soc_VideoProcessor: Processig.... FileLeft: D:\opencv\assets\Recordings\Left_0009.mp4, FileRight: D:\OPENCV\Assets\Recordings\Right_0009.mp4, FinalFile: D:\opencv\assets\saves\2023-10-25_19-37-22final.h264, SaveVideo: true, ShowVideo: false, FPS: 25, Width: 4000, Height: 1500
[19:37:28] [info] SOCCER_RECORDER_CORE: Soc_VideoProcessor: Finished processing, frame time was: 0.0243753
[19:37:28] [info] SOCCER_RECORDER_CORE: Soc_VideoProcessor: Processig.... FileLeft: D:\opencv\assets\Recordings\Left_0009.mp4, FileRight: D:\OPENCV\Assets\Recordings\Right_0009.mp4, FinalFile: D:\opencv\assets\saves\2023-10-25_19-37-22final.h264, SaveVideo: true, ShowVideo: false, FPS: 25, Width: 4000, Height: 1500
[19:37:28] [info] SOCCER_RECORDER_CORE: Soc_VideoProcessor: Finished processing, frame time was: 0.0245096
[19:37:28] [info] SOCCER_RECORDER_CORE: Soc_VideoProcessor: Processig.... FileLeft: D:\opencv\assets\Recordings\Left_0009.mp4, FileRight: D:\OPENCV\Assets\Recordings\Right_0009.mp4, FinalFile: D:\opencv\assets\saves\2023-10-25_19-37-22final.h264, SaveVideo: true, ShowVideo: false, FPS: 25, Width: 4000, Height: 1500
[19:37:28] [info] SOCCER_RECORDER_CORE: Soc_VideoProcessor: Finished processing, frame time was: 0.0237767
[19:37:28] [info] SOCCER_RECORDER_CORE: Soc_VideoProcessor: Processig.... FileLeft: D:\opencv\assets\Recordings\Left_0009.mp4, FileRight: D:\OPENCV\Assets\Recordings\Right_0009.mp4, FinalFile: D:\opencv\assets\saves\2023-10-25_19-37-22final.h264, SaveVideo: true, ShowVideo: false, FPS: 25, Width: 4000, Height: 1500
[19:37:28] [info] SOCCER_RECORDER_CORE: Soc_VideoProcessor: Finished processing, frame time was: 0.0242382
[19:37:28] [info] SOCCER_RECORDER_CORE: Soc_VideoProcessor: Processig.... FileLeft: D:\opencv\assets\Recordings\Left_0009.mp4, FileRight: D:\OPENCV\Assets\Recordings\Right_0009.mp4, FinalFile: D:\opencv\assets\saves\2023-10-25_19-37-22final.h264, SaveVideo: true, ShowVideo: false, FPS: 25, Width: 4000, Height: 1500
[19:37:28] [info] SOCCER_RECORDER_CORE: Soc_VideoProcessor: Finished processing, frame time was: 0.0242488
[19:37:28] [info] SOCCER_RECORDER_CORE: Soc_VideoProcessor: Processig.... FileLeft: D:\opencv\assets\Recordings\Left_0009.mp4, FileRight: D:\OPENCV\Assets\Recordings\Right_0009.mp4, FinalFile: D:\opencv\assets\saves\2023-10-25_19-37-22final.h264, SaveVideo: true, ShowVideo: false, FPS: 25, Width: 4000, Height: 1500
[19:37:28] [info] SOCCER_RECORDER_CORE: Soc_VideoProcessor: Finished processing, frame time was: 0.0398777
[19:37:28] [info] SOCCER_RECORDER_CORE: Soc_VideoProcessor: Processig.... FileLeft: D:\opencv\assets\Recordings\Left_0009.mp4, FileRight: D:\OPENCV\Assets\Recordings\Right_0009.mp4, FinalFile: D:\opencv\assets\saves\2023-10-25_19-37-22final.h264, SaveVideo: true, ShowVideo: false, FPS: 25, Width: 4000, Height: 1500
[19:37:28] [info] SOCCER_RECORDER_CORE: Soc_VideoProcessor: Finished processing, frame time was: 0.023961
[19:37:28] [info] SOCCER_RECORDER_CORE: Soc_VideoProcessor: Processig.... FileLeft: D:\opencv\assets\Recordings\Left_0009.mp4, FileRight: D:\OPENCV\Assets\Recordings\Right_0009.mp4, FinalFile: D:\opencv\assets\saves\2023-10-25_19-37-22final.h264, SaveVideo: true, ShowVideo: false, FPS: 25, Width: 4000, Height: 1500
[19:37:28] [info] SOCCER_RECORDER_CORE: Soc_VideoProcessor: Finished processing, frame time was: 0.0242752
[19:37:28] [info] SOCCER_RECORDER_CORE: Soc_VideoProcessor: Processig.... FileLeft: D:\opencv\assets\Recordings\Left_0009.mp4, FileRight: D:\OPENCV\Assets\Recordings\Right_0009.mp4, FinalFile: D:\opencv\assets\saves\2023-10-25_19-37-22final.h264, SaveVideo: true, ShowVideo: false, FPS: 25, Width: 4000, Height: 1500
[19:37:28] [info] SOCCER_RECORDER_CORE: Soc_VideoProcessor: Finished processing, frame time was: 0.0241028
[19:37:28] [info] SOCCER_RECORDER_CORE: Soc_VideoProcessor: Processig.... FileLeft: D:\opencv\assets\Recordings\Left_0009.mp4, FileRight: D:\OPENCV\Assets\Recordings\Right_0009.mp4, FinalFile: D:\opencv\assets\saves\2023-10-25_19-37-22final.h264, SaveVideo: true, ShowVideo: false, FPS: 25, Width: 4000, Height: 1500
[19:37:28] [info] SOCCER_RECORDER_CORE: Soc_VideoProcessor: Finished processing, frame time was: 0.0245704
[19:37:28] [info] SOCCER_RECORDER_CORE: Soc_VideoProcessor: Processig.... FileLeft: D:\opencv\assets\Recordings\Left_0009.mp4, FileRight: D:\OPENCV\Assets\Recordings\Right_0009.mp4, FinalFile: D:\opencv\assets\saves\2023-10-25_19-37-22final.h264, SaveVideo: true, ShowVideo: false, FPS: 25, Width: 4000, Height: 1500
