[01:02:10] [warning] SOCCER_RECORDER_CLIENT: ExampleLayer::ExampleLayer constructor
[01:02:10] [warning] SOCCER_RECORDER_CLIENT: ExampleLayer::OnAttach
[01:02:10] [info] SOCCER_RECORDER_CORE: VideoReader
[01:02:10] [info] SOCCER_RECORDER_CORE: VideoReader
[01:02:10] [info] SOCCER_RECORDER_CORE: Running application
[01:02:10] [warning] SOCCER_RECORDER_CLIENT: Time step: 0
[01:02:10] [info] SOCCER_RECORDER_CORE: VideoReader
[01:02:30] [warning] SOCCER_RECORDER_CLIENT: Time step: 20
[01:02:30] [info] SOCCER_RECORDER_CORE: VideoReader
[01:02:32] [warning] SOCCER_RECORDER_CLIENT: Time step: 2
[01:02:32] [info] SOCCER_RECORDER_CORE: VideoReader
[01:02:32] [warning] SOCCER_RECORDER_CLIENT: Time step: 0
[01:02:32] [info] SOCCER_RECORDER_CORE: VideoReader
[01:02:48] [warning] SOCCER_RECORDER_CLIENT: Time step: 16
[01:02:48] [info] SOCCER_RECORDER_CORE: VideoReader
[01:02:51] [warning] SOCCER_RECORDER_CLIENT: Time step: 3
[01:02:51] [info] SOCCER_RECORDER_CORE: VideoReader
[01:02:51] [warning] SOCCER_RECORDER_CLIENT: Time step: 0
[01:02:51] [info] SOCCER_RECORDER_CORE: VideoReader
[01:02:52] [warning] SOCCER_RECORDER_CLIENT: Time step: 1
[01:02:52] [info] SOCCER_RECORDER_CORE: VideoReader
[01:02:52] [warning] SOCCER_RECORDER_CLIENT: Time step: 0
[01:02:52] [info] SOCCER_RECORDER_CORE: VideoReader
[01:02:52] [warning] SOCCER_RECORDER_CLIENT: Time step: 0
[01:02:52] [info] SOCCER_RECORDER_CORE: VideoReader
[01:02:53] [warning] SOCCER_RECORDER_CLIENT: Time step: 1
[01:02:53] [info] SOCCER_RECORDER_CORE: VideoReader
[01:02:53] [warning] SOCCER_RECORDER_CLIENT: Time step: 0
[01:02:53] [info] SOCCER_RECORDER_CORE: VideoReader
[01:02:53] [warning] SOCCER_RECORDER_CLIENT: Time step: 0
[01:02:53] [info] SOCCER_RECORDER_CORE: VideoReader
[01:02:53] [warning] SOCCER_RECORDER_CLIENT: Time step: 0
[01:02:53] [info] SOCCER_RECORDER_CORE: VideoReader
[01:02:54] [warning] SOCCER_RECORDER_CLIENT: Time step: 1
[01:02:54] [info] SOCCER_RECORDER_CORE: VideoReader
[01:02:54] [warning] SOCCER_RECORDER_CLIENT: Time step: 0
[01:02:54] [info] SOCCER_RECORDER_CORE: VideoReader
[01:02:54] [warning] SOCCER_RECORDER_CLIENT: Time step: 0
[01:02:54] [info] SOCCER_RECORDER_CORE: VideoReader
[01:02:54] [warning] SOCCER_RECORDER_CLIENT: Time step: 0
[01:02:54] [info] SOCCER_RECORDER_CORE: VideoReader
[01:02:54] [warning] SOCCER_RECORDER_CLIENT: Time step: 0
[01:02:54] [info] SOCCER_RECORDER_CORE: VideoReader
[01:02:55] [warning] SOCCER_RECORDER_CLIENT: Time step: 1
[01:02:55] [info] SOCCER_RECORDER_CORE: VideoReader
[01:02:55] [warning] SOCCER_RECORDER_CLIENT: Time step: 0
[01:02:55] [info] SOCCER_RECORDER_CORE: VideoReader
[01:02:55] [warning] SOCCER_RECORDER_CLIENT: Time step: 0
[01:02:55] [info] SOCCER_RECORDER_CORE: VideoReader
[01:02:55] [warning] SOCCER_RECORDER_CLIENT: Time step: 0
[01:02:55] [info] SOCCER_RECORDER_CORE: VideoReader
[01:02:55] [warning] SOCCER_RECORDER_CLIENT: Time step: 0
[01:02:55] [info] SOCCER_RECORDER_CORE: VideoReader
[01:02:56] [warning] SOCCER_RECORDER_CLIENT: Time step: 1
[01:02:56] [info] SOCCER_RECORDER_CORE: VideoReader
[01:02:56] [warning] SOCCER_RECORDER_CLIENT: Time step: 0
[01:02:56] [info] SOCCER_RECORDER_CORE: VideoReader
[01:02:56] [warning] SOCCER_RECORDER_CLIENT: Time step: 0
[01:02:56] [info] SOCCER_RECORDER_CORE: VideoReader
[01:02:56] [warning] SOCCER_RECORDER_CLIENT: Time step: 0
[01:02:56] [info] SOCCER_RECORDER_CORE: VideoReader
[01:02:57] [warning] SOCCER_RECORDER_CLIENT: Time step: 1
[01:02:57] [info] SOCCER_RECORDER_CORE: VideoReader
[01:02:57] [warning] SOCCER_RECORDER_CLIENT: Time step: 0
[01:02:57] [info] SOCCER_RECORDER_CORE: VideoReader
